time="2019-01-28T16:43:13+08:00" level=warning msg="启动监视器..." func=main.main file="D:/GoProject/src/github.com/argentmoon/host-monitor/main.go:13"
time="2019-01-28T16:43:13+08:00" level=info msg="NewDingdingReporter:https://oapi.dingtalk.com/robot/send?access_token=beadd23b75020a66630fc38f23bea499c5fe80dde2e853083ec73b3a1b80c9bd" func=github.com/argentmoon/host-monitor/monitor/report.NewDingdingReporter file="D:/GoProject/src/github.com/argentmoon/host-monitor/monitor/report/dingding_reporter.go:16"
time="2019-01-28T16:43:13+08:00" level=debug msg="NewWebsiteWatcher:name:内网网站, host:http://10.33.116.20, httpMethod:GET" func=github.com/argentmoon/host-monitor/monitor/watch.NewWebsiteWatcher file="D:/GoProject/src/github.com/argentmoon/host-monitor/monitor/watch/website_watcher.go:21"
time="2019-01-28T16:43:13+08:00" level=warning msg="加载Monitor:内网网站" func="github.com/argentmoon/host-monitor/monitor.(*MonitorMgr).Load" file="D:/GoProject/src/github.com/argentmoon/host-monitor/monitor/manager.go:78"
time="2019-01-28T16:43:13+08:00" level=info msg="NewDingdingReporter:https://oapi.dingtalk.com/robot/send?access_token=beadd23b75020a66630fc38f23bea499c5fe80dde2e853083ec73b3a1b80c9bd" func=github.com/argentmoon/host-monitor/monitor/report.NewDingdingReporter file="D:/GoProject/src/github.com/argentmoon/host-monitor/monitor/report/dingding_reporter.go:16"
time="2019-01-28T16:43:13+08:00" level=debug msg="NewWebsiteWatcher:name:数据温州, host:http://sjwz.wzstats.gov.cn:9091/hello.html, httpMethod:GET" func=github.com/argentmoon/host-monitor/monitor/watch.NewWebsiteWatcher file="D:/GoProject/src/github.com/argentmoon/host-monitor/monitor/watch/website_watcher.go:21"
time="2019-01-28T16:43:13+08:00" level=warning msg="加载Monitor:数据温州" func="github.com/argentmoon/host-monitor/monitor.(*MonitorMgr).Load" file="D:/GoProject/src/github.com/argentmoon/host-monitor/monitor/manager.go:78"
time="2019-01-28T16:43:13+08:00" level=info msg="NewDingdingReporter:https://oapi.dingtalk.com/robot/send?access_token=beadd23b75020a66630fc38f23bea499c5fe80dde2e853083ec73b3a1b80c9bd" func=github.com/argentmoon/host-monitor/monitor/report.NewDingdingReporter file="D:/GoProject/src/github.com/argentmoon/host-monitor/monitor/report/dingding_reporter.go:16"
time="2019-01-28T16:43:13+08:00" level=debug msg="NewWebsiteWatcher:name:外网网站, host:http://wztjj.wenzhou.gov.cn/, httpMethod:GET" func=github.com/argentmoon/host-monitor/monitor/watch.NewWebsiteWatcher file="D:/GoProject/src/github.com/argentmoon/host-monitor/monitor/watch/website_watcher.go:21"
time="2019-01-28T16:43:13+08:00" level=warning msg="加载Monitor:外网网站" func="github.com/argentmoon/host-monitor/monitor.(*MonitorMgr).Load" file="D:/GoProject/src/github.com/argentmoon/host-monitor/monitor/manager.go:78"
time="2019-01-28T16:43:13+08:00" level=info msg="NewDingdingReporter:https://oapi.dingtalk.com/robot/send?access_token=beadd23b75020a66630fc38f23bea499c5fe80dde2e853083ec73b3a1b80c9bd" func=github.com/argentmoon/host-monitor/monitor/report.NewDingdingReporter file="D:/GoProject/src/github.com/argentmoon/host-monitor/monitor/report/dingding_reporter.go:16"
time="2019-01-28T16:43:13+08:00" level=debug msg="NewWebsiteWatcher:name:投资培训微网站, host:http://learn.wzstats.gov.cn:8991/s/, httpMethod:GET" func=github.com/argentmoon/host-monitor/monitor/watch.NewWebsiteWatcher file="D:/GoProject/src/github.com/argentmoon/host-monitor/monitor/watch/website_watcher.go:21"
time="2019-01-28T16:43:13+08:00" level=warning msg="加载Monitor:投资培训微网站" func="github.com/argentmoon/host-monitor/monitor.(*MonitorMgr).Load" file="D:/GoProject/src/github.com/argentmoon/host-monitor/monitor/manager.go:78"
time="2019-01-28T16:43:13+08:00" level=info msg="NewDingdingReporter:https://oapi.dingtalk.com/robot/send?access_token=beadd23b75020a66630fc38f23bea499c5fe80dde2e853083ec73b3a1b80c9bd" func=github.com/argentmoon/host-monitor/monitor/report.NewDingdingReporter file="D:/GoProject/src/github.com/argentmoon/host-monitor/monitor/report/dingding_reporter.go:16"
time="2019-01-28T16:43:13+08:00" level=debug msg="NewWebsiteWatcher:name:考试报名网站, host:http://60.190.71.140:9050/, httpMethod:GET" func=github.com/argentmoon/host-monitor/monitor/watch.NewWebsiteWatcher file="D:/GoProject/src/github.com/argentmoon/host-monitor/monitor/watch/website_watcher.go:21"
time="2019-01-28T16:43:13+08:00" level=warning msg="加载Monitor:考试报名网站" func="github.com/argentmoon/host-monitor/monitor.(*MonitorMgr).Load" file="D:/GoProject/src/github.com/argentmoon/host-monitor/monitor/manager.go:78"
time="2019-01-28T16:43:13+08:00" level=info msg="Monitor.start: name:内网网站" func="github.com/argentmoon/host-monitor/monitor.(*Monitor).start" file="D:/GoProject/src/github.com/argentmoon/host-monitor/monitor/monitor.go:32"
time="2019-01-28T16:43:13+08:00" level=info msg="Monitor.start: name:数据温州" func="github.com/argentmoon/host-monitor/monitor.(*Monitor).start" file="D:/GoProject/src/github.com/argentmoon/host-monitor/monitor/monitor.go:32"
time="2019-01-28T16:43:13+08:00" level=info msg="Monitor.start: name:外网网站" func="github.com/argentmoon/host-monitor/monitor.(*Monitor).start" file="D:/GoProject/src/github.com/argentmoon/host-monitor/monitor/monitor.go:32"
time="2019-01-28T16:43:13+08:00" level=info msg="Monitor.start: name:投资培训微网站" func="github.com/argentmoon/host-monitor/monitor.(*Monitor).start" file="D:/GoProject/src/github.com/argentmoon/host-monitor/monitor/monitor.go:32"
time="2019-01-28T16:43:13+08:00" level=info msg="Monitor.start: name:考试报名网站" func="github.com/argentmoon/host-monitor/monitor.(*Monitor).start" file="D:/GoProject/src/github.com/argentmoon/host-monitor/monitor/monitor.go:32"
time="2019-01-28T16:43:46+08:00" level=info msg="访问考试报名网站，http://60.190.71.140:9050/结果：statuscode = 200, status = 200 OK" func="github.com/argentmoon/host-monitor/monitor/watch.(*WebsiteWatcher).IsLive" file="D:/GoProject/src/github.com/argentmoon/host-monitor/monitor/watch/website_watcher.go:50"
time="2019-01-28T16:43:46+08:00" level=info msg="name:考试报名网站, live:true" func="github.com/argentmoon/host-monitor/monitor.(*Monitor).run" file="D:/GoProject/src/github.com/argentmoon/host-monitor/monitor/monitor.go:57"
time="2019-01-28T16:43:47+08:00" level=info msg="访问投资培训微网站，http://learn.wzstats.gov.cn:8991/s/结果：statuscode = 403, status = 403 Forbidden" func="github.com/argentmoon/host-monitor/monitor/watch.(*WebsiteWatcher).IsLive" file="D:/GoProject/src/github.com/argentmoon/host-monitor/monitor/watch/website_watcher.go:50"
time="2019-01-28T16:43:47+08:00" level=info msg="name:投资培训微网站, live:true" func="github.com/argentmoon/host-monitor/monitor.(*Monitor).run" file="D:/GoProject/src/github.com/argentmoon/host-monitor/monitor/monitor.go:57"
time="2019-01-28T16:43:51+08:00" level=info msg="访问投资培训微网站，http://learn.wzstats.gov.cn:8991/s/结果：statuscode = 403, status = 403 Forbidden" func="github.com/argentmoon/host-monitor/monitor/watch.(*WebsiteWatcher).IsLive" file="D:/GoProject/src/github.com/argentmoon/host-monitor/monitor/watch/website_watcher.go:50"
time="2019-01-28T16:43:51+08:00" level=info msg="name:投资培训微网站, live:true" func="github.com/argentmoon/host-monitor/monitor.(*Monitor).run" file="D:/GoProject/src/github.com/argentmoon/host-monitor/monitor/monitor.go:57"
time="2019-01-28T16:43:56+08:00" level=info msg="访问投资培训微网站，http://learn.wzstats.gov.cn:8991/s/结果：statuscode = 403, status = 403 Forbidden" func="github.com/argentmoon/host-monitor/monitor/watch.(*WebsiteWatcher).IsLive" file="D:/GoProject/src/github.com/argentmoon/host-monitor/monitor/watch/website_watcher.go:50"
time="2019-01-28T16:43:56+08:00" level=info msg="name:投资培训微网站, live:true" func="github.com/argentmoon/host-monitor/monitor.(*Monitor).run" file="D:/GoProject/src/github.com/argentmoon/host-monitor/monitor/monitor.go:57"
